


ARM Macro Assembler    Page 1 


    1 00000000         ;******************** (C) COPYRIGHT 2008 STMicroelectron
                       ics ********************
    2 00000000         ;* File Name          : stm32f10x_vector.s
    3 00000000         ;* Author             : MCD Application Team
    4 00000000         ;* Version            : V2.0.3
    5 00000000         ;* Date               : 09/22/2008
    6 00000000         ;* Description        : STM32F10x vector table for RVMDK
                        toolchain. 
    7 00000000         ;*                      This module performs:
    8 00000000         ;*                      - Set the initial SP
    9 00000000         ;*                      - Set the initial PC == Reset_Ha
                       ndler
   10 00000000         ;*                      - Set the vector table entries w
                       ith the exceptions ISR address
   11 00000000         ;*                      - Configure external SRAM mounte
                       d on STM3210E-EVAL board
   12 00000000         ;*                        to be used as data memory (opt
                       ional, to be enabled by user)
   13 00000000         ;*                      - Branches to __main in the C li
                       brary (which eventually
   14 00000000         ;*                        calls main()).
   15 00000000         ;*                      After Reset the CortexM3 process
                       or is in Thread mode,
   16 00000000         ;*                      priority is Privileged, and the 
                       Stack is set to Main.
   17 00000000         ;* <<< Use Configuration Wizard in Context Menu >>>   
   18 00000000         ;*******************************************************
                       ************************
   19 00000000         ; THE PRESENT FIRMWARE WHICH IS FOR GUIDANCE ONLY AIMS A
                       T PROVIDING CUSTOMERS
   20 00000000         ; WITH CODING INFORMATION REGARDING THEIR PRODUCTS IN OR
                       DER FOR THEM TO SAVE TIME.
   21 00000000         ; AS A RESULT, STMICROELECTRONICS SHALL NOT BE HELD LIAB
                       LE FOR ANY DIRECT,
   22 00000000         ; INDIRECT OR CONSEQUENTIAL DAMAGES WITH RESPECT TO ANY 
                       CLAIMS ARISING FROM THE
   23 00000000         ; CONTENT OF SUCH FIRMWARE AND/OR THE USE MADE BY CUSTOM
                       ERS OF THE CODING
   24 00000000         ; INFORMATION CONTAINED HEREIN IN CONNECTION WITH THEIR 
                       PRODUCTS.
   25 00000000         ;*******************************************************
                       ************************
   26 00000000         
   27 00000000         ; If you need to use external SRAM mounted on STM3210E-E
                       VAL board as data memory,
   28 00000000         ; change the following define value to '1' (or choose EN
                       ABLE in Configuration Wizard window)
   29 00000000         ;//   <o>  External SRAM Configuration  <0=> DISABLE <1=
                       > ENABLE 
   30 00000000 00000000 
                       DATA_IN_ExtSRAM
                               EQU              0
   31 00000000         
   32 00000000         
   33 00000000         ; Amount of memory (in bytes) allocated for Stack
   34 00000000         ; Tailor this value to your application needs
   35 00000000         ;// <h> Stack Configuration
   36 00000000         ;//   <o> Stack Size (in Bytes) <0x0-0xFFFFFFFF:8>
   37 00000000         ;// </h>



ARM Macro Assembler    Page 2 


   38 00000000 00000400 
                       Stack_Size
                               EQU              0x00000400
   39 00000000         
   40 00000000                 AREA             STACK, NOINIT, READWRITE, ALIGN
=3
   41 00000000         Stack_Mem
                               SPACE            Stack_Size
   42 00000400         
   43 00000400         __initial_sp
   44 00000400         ; If you need to use external SRAM mounted on STM3210E-E
                       VAL board as data memory
   45 00000400         ; and internal SRAM for Stack, uncomment the following l
                       ine and comment the line above
   46 00000400         ;__initial_sp    EQU 0x20000000 + Stack_Size ; "Use Micr
                       oLIB" must be checked in
   47 00000400         ; the Project->Options->Target window
   48 00000400         
   49 00000400         ; Amount of memory (in bytes) allocated for Heap
   50 00000400         ; Tailor this value to your application needs
   51 00000400         ;// <h> Heap Configuration
   52 00000400         ;//   <o>  Heap Size (in Bytes) <0x0-0xFFFFFFFF:8>
   53 00000400         ;// </h>
   54 00000400         
   55 00000400 00000400 
                       Heap_Size
                               EQU              0x00000400
   56 00000400         
   57 00000400                 AREA             HEAP, NOINIT, READWRITE, ALIGN=
3
   58 00000000         __heap_base
   59 00000000         Heap_Mem
                               SPACE            Heap_Size
   60 00000400         __heap_limit
   61 00000400         
   62 00000400         
   63 00000400                 THUMB
   64 00000400                 PRESERVE8
   65 00000400         
   66 00000400         ; Import exceptions handlers
   67 00000400                 IMPORT           NMIException
   68 00000400                 IMPORT           HardFaultException
   69 00000400                 IMPORT           MemManageException
   70 00000400                 IMPORT           BusFaultException
   71 00000400                 IMPORT           UsageFaultException
   72 00000400                 IMPORT           SVCHandler
   73 00000400                 IMPORT           DebugMonitor
   74 00000400                 IMPORT           PendSVC
   75 00000400                 IMPORT           SysTickHandler
   76 00000400                 IMPORT           WWDG_IRQHandler
   77 00000400                 IMPORT           PVD_IRQHandler
   78 00000400                 IMPORT           TAMPER_IRQHandler
   79 00000400                 IMPORT           RTC_IRQHandler
   80 00000400                 IMPORT           FLASH_IRQHandler
   81 00000400                 IMPORT           RCC_IRQHandler
   82 00000400                 IMPORT           EXTI0_IRQHandler
   83 00000400                 IMPORT           EXTI1_IRQHandler
   84 00000400                 IMPORT           EXTI2_IRQHandler
   85 00000400                 IMPORT           EXTI3_IRQHandler



ARM Macro Assembler    Page 3 


   86 00000400                 IMPORT           EXTI4_IRQHandler
   87 00000400                 IMPORT           DMA1_Channel1_IRQHandler
   88 00000400                 IMPORT           DMA1_Channel2_IRQHandler
   89 00000400                 IMPORT           DMA1_Channel3_IRQHandler
   90 00000400                 IMPORT           DMA1_Channel4_IRQHandler
   91 00000400                 IMPORT           DMA1_Channel5_IRQHandler
   92 00000400                 IMPORT           DMA1_Channel6_IRQHandler
   93 00000400                 IMPORT           DMA1_Channel7_IRQHandler
   94 00000400                 IMPORT           ADC1_2_IRQHandler
   95 00000400                 IMPORT           USB_HP_CAN_TX_IRQHandler
   96 00000400                 IMPORT           USB_LP_CAN_RX0_IRQHandler
   97 00000400                 IMPORT           CAN_RX1_IRQHandler
   98 00000400                 IMPORT           CAN_SCE_IRQHandler
   99 00000400                 IMPORT           EXTI9_5_IRQHandler
  100 00000400                 IMPORT           TIM1_BRK_IRQHandler
  101 00000400                 IMPORT           TIM1_UP_IRQHandler
  102 00000400                 IMPORT           TIM1_TRG_COM_IRQHandler
  103 00000400                 IMPORT           TIM1_CC_IRQHandler
  104 00000400                 IMPORT           TIM2_IRQHandler
  105 00000400                 IMPORT           TIM3_IRQHandler
  106 00000400                 IMPORT           TIM4_IRQHandler
  107 00000400                 IMPORT           I2C1_EV_IRQHandler
  108 00000400                 IMPORT           I2C1_ER_IRQHandler
  109 00000400                 IMPORT           I2C2_EV_IRQHandler
  110 00000400                 IMPORT           I2C2_ER_IRQHandler
  111 00000400                 IMPORT           SPI1_IRQHandler
  112 00000400                 IMPORT           SPI2_IRQHandler
  113 00000400                 IMPORT           USART1_IRQHandler
  114 00000400                 IMPORT           USART2_IRQHandler
  115 00000400                 IMPORT           USART3_IRQHandler
  116 00000400                 IMPORT           EXTI15_10_IRQHandler
  117 00000400                 IMPORT           RTCAlarm_IRQHandler
  118 00000400                 IMPORT           USBWakeUp_IRQHandler
  119 00000400                 IMPORT           TIM8_BRK_IRQHandler
  120 00000400                 IMPORT           TIM8_UP_IRQHandler
  121 00000400                 IMPORT           TIM8_TRG_COM_IRQHandler
  122 00000400                 IMPORT           TIM8_CC_IRQHandler
  123 00000400                 IMPORT           ADC3_IRQHandler
  124 00000400                 IMPORT           FSMC_IRQHandler
  125 00000400                 IMPORT           SDIO_IRQHandler
  126 00000400                 IMPORT           TIM5_IRQHandler
  127 00000400                 IMPORT           SPI3_IRQHandler
  128 00000400                 IMPORT           UART4_IRQHandler
  129 00000400                 IMPORT           UART5_IRQHandler
  130 00000400                 IMPORT           TIM6_IRQHandler
  131 00000400                 IMPORT           TIM7_IRQHandler
  132 00000400                 IMPORT           DMA2_Channel1_IRQHandler
  133 00000400                 IMPORT           DMA2_Channel2_IRQHandler
  134 00000400                 IMPORT           DMA2_Channel3_IRQHandler
  135 00000400                 IMPORT           DMA2_Channel4_5_IRQHandler
  136 00000400         
  137 00000400         ;*******************************************************
                       ************************
  138 00000400         ; Fill-up the Vector Table entries with the exceptions I
                       SR address
  139 00000400         ;*******************************************************
                       ************************
  140 00000400                 AREA             RESET, DATA, READONLY
  141 00000000                 EXPORT           __Vectors



ARM Macro Assembler    Page 4 


  142 00000000         
  143 00000000 00000000 
                       __Vectors
                               DCD              __initial_sp ; Top of Stack
  144 00000004 00000000        DCD              Reset_Handler
  145 00000008 00000000        DCD              NMIException
  146 0000000C 00000000        DCD              HardFaultException
  147 00000010 00000000        DCD              MemManageException
  148 00000014 00000000        DCD              BusFaultException
  149 00000018 00000000        DCD              UsageFaultException
  150 0000001C 00000000        DCD              0           ; Reserved
  151 00000020 00000000        DCD              0           ; Reserved
  152 00000024 00000000        DCD              0           ; Reserved
  153 00000028 00000000        DCD              0           ; Reserved
  154 0000002C 00000000        DCD              SVCHandler
  155 00000030 00000000        DCD              DebugMonitor
  156 00000034 00000000        DCD              0           ; Reserved
  157 00000038 00000000        DCD              PendSVC
  158 0000003C 00000000        DCD              SysTickHandler
  159 00000040 00000000        DCD              WWDG_IRQHandler
  160 00000044 00000000        DCD              PVD_IRQHandler
  161 00000048 00000000        DCD              TAMPER_IRQHandler
  162 0000004C 00000000        DCD              RTC_IRQHandler
  163 00000050 00000000        DCD              FLASH_IRQHandler
  164 00000054 00000000        DCD              RCC_IRQHandler
  165 00000058 00000000        DCD              EXTI0_IRQHandler
  166 0000005C 00000000        DCD              EXTI1_IRQHandler
  167 00000060 00000000        DCD              EXTI2_IRQHandler
  168 00000064 00000000        DCD              EXTI3_IRQHandler
  169 00000068 00000000        DCD              EXTI4_IRQHandler
  170 0000006C 00000000        DCD              DMA1_Channel1_IRQHandler
  171 00000070 00000000        DCD              DMA1_Channel2_IRQHandler
  172 00000074 00000000        DCD              DMA1_Channel3_IRQHandler
  173 00000078 00000000        DCD              DMA1_Channel4_IRQHandler
  174 0000007C 00000000        DCD              DMA1_Channel5_IRQHandler
  175 00000080 00000000        DCD              DMA1_Channel6_IRQHandler
  176 00000084 00000000        DCD              DMA1_Channel7_IRQHandler
  177 00000088 00000000        DCD              ADC1_2_IRQHandler
  178 0000008C 00000000        DCD              USB_HP_CAN_TX_IRQHandler
  179 00000090 00000000        DCD              USB_LP_CAN_RX0_IRQHandler
  180 00000094 00000000        DCD              CAN_RX1_IRQHandler
  181 00000098 00000000        DCD              CAN_SCE_IRQHandler
  182 0000009C 00000000        DCD              EXTI9_5_IRQHandler
  183 000000A0 00000000        DCD              TIM1_BRK_IRQHandler
  184 000000A4 00000000        DCD              TIM1_UP_IRQHandler
  185 000000A8 00000000        DCD              TIM1_TRG_COM_IRQHandler
  186 000000AC 00000000        DCD              TIM1_CC_IRQHandler
  187 000000B0 00000000        DCD              TIM2_IRQHandler
  188 000000B4 00000000        DCD              TIM3_IRQHandler
  189 000000B8 00000000        DCD              TIM4_IRQHandler
  190 000000BC 00000000        DCD              I2C1_EV_IRQHandler
  191 000000C0 00000000        DCD              I2C1_ER_IRQHandler
  192 000000C4 00000000        DCD              I2C2_EV_IRQHandler
  193 000000C8 00000000        DCD              I2C2_ER_IRQHandler
  194 000000CC 00000000        DCD              SPI1_IRQHandler
  195 000000D0 00000000        DCD              SPI2_IRQHandler
  196 000000D4 00000000        DCD              USART1_IRQHandler
  197 000000D8 00000000        DCD              USART2_IRQHandler
  198 000000DC 00000000        DCD              USART3_IRQHandler



ARM Macro Assembler    Page 5 


  199 000000E0 00000000        DCD              EXTI15_10_IRQHandler
  200 000000E4 00000000        DCD              RTCAlarm_IRQHandler
  201 000000E8 00000000        DCD              USBWakeUp_IRQHandler
  202 000000EC 00000000        DCD              TIM8_BRK_IRQHandler
  203 000000F0 00000000        DCD              TIM8_UP_IRQHandler
  204 000000F4 00000000        DCD              TIM8_TRG_COM_IRQHandler
  205 000000F8 00000000        DCD              TIM8_CC_IRQHandler
  206 000000FC 00000000        DCD              ADC3_IRQHandler
  207 00000100 00000000        DCD              FSMC_IRQHandler
  208 00000104 00000000        DCD              SDIO_IRQHandler
  209 00000108 00000000        DCD              TIM5_IRQHandler
  210 0000010C 00000000        DCD              SPI3_IRQHandler
  211 00000110 00000000        DCD              UART4_IRQHandler
  212 00000114 00000000        DCD              UART5_IRQHandler
  213 00000118 00000000        DCD              TIM6_IRQHandler
  214 0000011C 00000000        DCD              TIM7_IRQHandler
  215 00000120 00000000        DCD              DMA2_Channel1_IRQHandler
  216 00000124 00000000        DCD              DMA2_Channel2_IRQHandler
  217 00000128 00000000        DCD              DMA2_Channel3_IRQHandler
  218 0000012C 00000000        DCD              DMA2_Channel4_5_IRQHandler
  219 00000130         
  220 00000130                 AREA             |.text|, CODE, READONLY
  221 00000000         
  222 00000000         ; Reset handler routine
  223 00000000         Reset_Handler
                               PROC
  224 00000000                 EXPORT           Reset_Handler
  225 00000000         
  226 00000000                 IF               DATA_IN_ExtSRAM == 1
  291                          ENDIF
  292 00000000         
  293 00000000         
  294 00000000                 IMPORT           __main
  295 00000000 4803            LDR              R0, =__main
  296 00000002 4700            BX               R0
  297 00000004                 ENDP
  298 00000004         
  299 00000004                 ALIGN
  300 00000004         
  301 00000004         ;*******************************************************
                       ************************
  302 00000004         ; User Stack and Heap initialization
  303 00000004         ;*******************************************************
                       ************************
  304 00000004                 IF               :DEF:__MICROLIB
  311 00000004         
  312 00000004                 IMPORT           __use_two_region_memory
  313 00000004                 EXPORT           __user_initial_stackheap
  314 00000004         
  315 00000004         __user_initial_stackheap
  316 00000004         
  317 00000004 4803            LDR              R0, =  Heap_Mem
  318 00000006 4904            LDR              R1, =(Stack_Mem + Stack_Size)
  319 00000008 4A04            LDR              R2, = (Heap_Mem +  Heap_Size)
  320 0000000A 4B05            LDR              R3, = Stack_Mem
  321 0000000C 4770            BX               LR
  322 0000000E         
  323 0000000E 00 00           ALIGN
  324 00000010         



ARM Macro Assembler    Page 6 


  325 00000010                 ENDIF
  326 00000010         
  327 00000010                 END
              00000000 
              00000000 
              00000400 
              00000400 
              00000000 
Command Line: --debug --xref --cpu=Cortex-M3 --apcs=interwork --depend=.\output
\stm32f10x_vector.d -o.\output\stm32f10x_vector.o -I"F:\STM32\keil mdk\MDK\ARM\
INC" -I"F:\STM32\keil mdk\MDK\ARM\INC\ST\STM32F10x" --list=.\list\stm32f10x_vec
tor.lst start\stm32f10x_vector.s



ARM Macro Assembler    Page 1 Alphabetic symbol ordering
Relocatable symbols

STACK 00000000

Symbol: STACK
   Definitions
      At line 40 in file start\stm32f10x_vector.s
   Uses
      None
Comment: STACK unused
Stack_Mem 00000000

Symbol: Stack_Mem
   Definitions
      At line 41 in file start\stm32f10x_vector.s
   Uses
      At line 318 in file start\stm32f10x_vector.s
      At line 320 in file start\stm32f10x_vector.s

__initial_sp 00000400

Symbol: __initial_sp
   Definitions
      At line 43 in file start\stm32f10x_vector.s
   Uses
      At line 143 in file start\stm32f10x_vector.s
Comment: __initial_sp used once
3 symbols



ARM Macro Assembler    Page 1 Alphabetic symbol ordering
Relocatable symbols

HEAP 00000000

Symbol: HEAP
   Definitions
      At line 57 in file start\stm32f10x_vector.s
   Uses
      None
Comment: HEAP unused
Heap_Mem 00000000

Symbol: Heap_Mem
   Definitions
      At line 59 in file start\stm32f10x_vector.s
   Uses
      At line 317 in file start\stm32f10x_vector.s
      At line 319 in file start\stm32f10x_vector.s

__heap_base 00000000

Symbol: __heap_base
   Definitions
      At line 58 in file start\stm32f10x_vector.s
   Uses
      None
Comment: __heap_base unused
__heap_limit 00000400

Symbol: __heap_limit
   Definitions
      At line 60 in file start\stm32f10x_vector.s
   Uses
      None
Comment: __heap_limit unused
4 symbols



ARM Macro Assembler    Page 1 Alphabetic symbol ordering
Relocatable symbols

RESET 00000000

Symbol: RESET
   Definitions
      At line 140 in file start\stm32f10x_vector.s
   Uses
      None
Comment: RESET unused
__Vectors 00000000

Symbol: __Vectors
   Definitions
      At line 143 in file start\stm32f10x_vector.s
   Uses
      At line 141 in file start\stm32f10x_vector.s
Comment: __Vectors used once
2 symbols



ARM Macro Assembler    Page 1 Alphabetic symbol ordering
Relocatable symbols

.text 00000000

Symbol: .text
   Definitions
      At line 220 in file start\stm32f10x_vector.s
   Uses
      None
Comment: .text unused
Reset_Handler 00000000

Symbol: Reset_Handler
   Definitions
      At line 223 in file start\stm32f10x_vector.s
   Uses
      At line 144 in file start\stm32f10x_vector.s
      At line 224 in file start\stm32f10x_vector.s

__user_initial_stackheap 00000004

Symbol: __user_initial_stackheap
   Definitions
      At line 315 in file start\stm32f10x_vector.s
   Uses
      At line 313 in file start\stm32f10x_vector.s
Comment: __user_initial_stackheap used once
3 symbols



ARM Macro Assembler    Page 1 Alphabetic symbol ordering
Absolute symbols

DATA_IN_ExtSRAM 00000000

Symbol: DATA_IN_ExtSRAM
   Definitions
      At line 30 in file start\stm32f10x_vector.s
   Uses
      At line 226 in file start\stm32f10x_vector.s
Comment: DATA_IN_ExtSRAM used once
Heap_Size 00000400

Symbol: Heap_Size
   Definitions
      At line 55 in file start\stm32f10x_vector.s
   Uses
      At line 59 in file start\stm32f10x_vector.s
      At line 319 in file start\stm32f10x_vector.s

Stack_Size 00000400

Symbol: Stack_Size
   Definitions
      At line 38 in file start\stm32f10x_vector.s
   Uses
      At line 41 in file start\stm32f10x_vector.s
      At line 318 in file start\stm32f10x_vector.s

3 symbols



ARM Macro Assembler    Page 1 Alphabetic symbol ordering
External symbols

ADC1_2_IRQHandler 00000000

Symbol: ADC1_2_IRQHandler
   Definitions
      At line 94 in file start\stm32f10x_vector.s
   Uses
      At line 177 in file start\stm32f10x_vector.s
Comment: ADC1_2_IRQHandler used once
ADC3_IRQHandler 00000000

Symbol: ADC3_IRQHandler
   Definitions
      At line 123 in file start\stm32f10x_vector.s
   Uses
      At line 206 in file start\stm32f10x_vector.s
Comment: ADC3_IRQHandler used once
BusFaultException 00000000

Symbol: BusFaultException
   Definitions
      At line 70 in file start\stm32f10x_vector.s
   Uses
      At line 148 in file start\stm32f10x_vector.s
Comment: BusFaultException used once
CAN_RX1_IRQHandler 00000000

Symbol: CAN_RX1_IRQHandler
   Definitions
      At line 97 in file start\stm32f10x_vector.s
   Uses
      At line 180 in file start\stm32f10x_vector.s
Comment: CAN_RX1_IRQHandler used once
CAN_SCE_IRQHandler 00000000

Symbol: CAN_SCE_IRQHandler
   Definitions
      At line 98 in file start\stm32f10x_vector.s
   Uses
      At line 181 in file start\stm32f10x_vector.s
Comment: CAN_SCE_IRQHandler used once
DMA1_Channel1_IRQHandler 00000000

Symbol: DMA1_Channel1_IRQHandler
   Definitions
      At line 87 in file start\stm32f10x_vector.s
   Uses
      At line 170 in file start\stm32f10x_vector.s
Comment: DMA1_Channel1_IRQHandler used once
DMA1_Channel2_IRQHandler 00000000

Symbol: DMA1_Channel2_IRQHandler
   Definitions
      At line 88 in file start\stm32f10x_vector.s
   Uses
      At line 171 in file start\stm32f10x_vector.s
Comment: DMA1_Channel2_IRQHandler used once
DMA1_Channel3_IRQHandler 00000000

Symbol: DMA1_Channel3_IRQHandler



ARM Macro Assembler    Page 2 Alphabetic symbol ordering
External symbols

   Definitions
      At line 89 in file start\stm32f10x_vector.s
   Uses
      At line 172 in file start\stm32f10x_vector.s
Comment: DMA1_Channel3_IRQHandler used once
DMA1_Channel4_IRQHandler 00000000

Symbol: DMA1_Channel4_IRQHandler
   Definitions
      At line 90 in file start\stm32f10x_vector.s
   Uses
      At line 173 in file start\stm32f10x_vector.s
Comment: DMA1_Channel4_IRQHandler used once
DMA1_Channel5_IRQHandler 00000000

Symbol: DMA1_Channel5_IRQHandler
   Definitions
      At line 91 in file start\stm32f10x_vector.s
   Uses
      At line 174 in file start\stm32f10x_vector.s
Comment: DMA1_Channel5_IRQHandler used once
DMA1_Channel6_IRQHandler 00000000

Symbol: DMA1_Channel6_IRQHandler
   Definitions
      At line 92 in file start\stm32f10x_vector.s
   Uses
      At line 175 in file start\stm32f10x_vector.s
Comment: DMA1_Channel6_IRQHandler used once
DMA1_Channel7_IRQHandler 00000000

Symbol: DMA1_Channel7_IRQHandler
   Definitions
      At line 93 in file start\stm32f10x_vector.s
   Uses
      At line 176 in file start\stm32f10x_vector.s
Comment: DMA1_Channel7_IRQHandler used once
DMA2_Channel1_IRQHandler 00000000

Symbol: DMA2_Channel1_IRQHandler
   Definitions
      At line 132 in file start\stm32f10x_vector.s
   Uses
      At line 215 in file start\stm32f10x_vector.s
Comment: DMA2_Channel1_IRQHandler used once
DMA2_Channel2_IRQHandler 00000000

Symbol: DMA2_Channel2_IRQHandler
   Definitions
      At line 133 in file start\stm32f10x_vector.s
   Uses
      At line 216 in file start\stm32f10x_vector.s
Comment: DMA2_Channel2_IRQHandler used once
DMA2_Channel3_IRQHandler 00000000

Symbol: DMA2_Channel3_IRQHandler
   Definitions
      At line 134 in file start\stm32f10x_vector.s
   Uses



ARM Macro Assembler    Page 3 Alphabetic symbol ordering
External symbols

      At line 217 in file start\stm32f10x_vector.s
Comment: DMA2_Channel3_IRQHandler used once
DMA2_Channel4_5_IRQHandler 00000000

Symbol: DMA2_Channel4_5_IRQHandler
   Definitions
      At line 135 in file start\stm32f10x_vector.s
   Uses
      At line 218 in file start\stm32f10x_vector.s
Comment: DMA2_Channel4_5_IRQHandler used once
DebugMonitor 00000000

Symbol: DebugMonitor
   Definitions
      At line 73 in file start\stm32f10x_vector.s
   Uses
      At line 155 in file start\stm32f10x_vector.s
Comment: DebugMonitor used once
EXTI0_IRQHandler 00000000

Symbol: EXTI0_IRQHandler
   Definitions
      At line 82 in file start\stm32f10x_vector.s
   Uses
      At line 165 in file start\stm32f10x_vector.s
Comment: EXTI0_IRQHandler used once
EXTI15_10_IRQHandler 00000000

Symbol: EXTI15_10_IRQHandler
   Definitions
      At line 116 in file start\stm32f10x_vector.s
   Uses
      At line 199 in file start\stm32f10x_vector.s
Comment: EXTI15_10_IRQHandler used once
EXTI1_IRQHandler 00000000

Symbol: EXTI1_IRQHandler
   Definitions
      At line 83 in file start\stm32f10x_vector.s
   Uses
      At line 166 in file start\stm32f10x_vector.s
Comment: EXTI1_IRQHandler used once
EXTI2_IRQHandler 00000000

Symbol: EXTI2_IRQHandler
   Definitions
      At line 84 in file start\stm32f10x_vector.s
   Uses
      At line 167 in file start\stm32f10x_vector.s
Comment: EXTI2_IRQHandler used once
EXTI3_IRQHandler 00000000

Symbol: EXTI3_IRQHandler
   Definitions
      At line 85 in file start\stm32f10x_vector.s
   Uses
      At line 168 in file start\stm32f10x_vector.s
Comment: EXTI3_IRQHandler used once
EXTI4_IRQHandler 00000000



ARM Macro Assembler    Page 4 Alphabetic symbol ordering
External symbols


Symbol: EXTI4_IRQHandler
   Definitions
      At line 86 in file start\stm32f10x_vector.s
   Uses
      At line 169 in file start\stm32f10x_vector.s
Comment: EXTI4_IRQHandler used once
EXTI9_5_IRQHandler 00000000

Symbol: EXTI9_5_IRQHandler
   Definitions
      At line 99 in file start\stm32f10x_vector.s
   Uses
      At line 182 in file start\stm32f10x_vector.s
Comment: EXTI9_5_IRQHandler used once
FLASH_IRQHandler 00000000

Symbol: FLASH_IRQHandler
   Definitions
      At line 80 in file start\stm32f10x_vector.s
   Uses
      At line 163 in file start\stm32f10x_vector.s
Comment: FLASH_IRQHandler used once
FSMC_IRQHandler 00000000

Symbol: FSMC_IRQHandler
   Definitions
      At line 124 in file start\stm32f10x_vector.s
   Uses
      At line 207 in file start\stm32f10x_vector.s
Comment: FSMC_IRQHandler used once
HardFaultException 00000000

Symbol: HardFaultException
   Definitions
      At line 68 in file start\stm32f10x_vector.s
   Uses
      At line 146 in file start\stm32f10x_vector.s
Comment: HardFaultException used once
I2C1_ER_IRQHandler 00000000

Symbol: I2C1_ER_IRQHandler
   Definitions
      At line 108 in file start\stm32f10x_vector.s
   Uses
      At line 191 in file start\stm32f10x_vector.s
Comment: I2C1_ER_IRQHandler used once
I2C1_EV_IRQHandler 00000000

Symbol: I2C1_EV_IRQHandler
   Definitions
      At line 107 in file start\stm32f10x_vector.s
   Uses
      At line 190 in file start\stm32f10x_vector.s
Comment: I2C1_EV_IRQHandler used once
I2C2_ER_IRQHandler 00000000

Symbol: I2C2_ER_IRQHandler
   Definitions



ARM Macro Assembler    Page 5 Alphabetic symbol ordering
External symbols

      At line 110 in file start\stm32f10x_vector.s
   Uses
      At line 193 in file start\stm32f10x_vector.s
Comment: I2C2_ER_IRQHandler used once
I2C2_EV_IRQHandler 00000000

Symbol: I2C2_EV_IRQHandler
   Definitions
      At line 109 in file start\stm32f10x_vector.s
   Uses
      At line 192 in file start\stm32f10x_vector.s
Comment: I2C2_EV_IRQHandler used once
MemManageException 00000000

Symbol: MemManageException
   Definitions
      At line 69 in file start\stm32f10x_vector.s
   Uses
      At line 147 in file start\stm32f10x_vector.s
Comment: MemManageException used once
NMIException 00000000

Symbol: NMIException
   Definitions
      At line 67 in file start\stm32f10x_vector.s
   Uses
      At line 145 in file start\stm32f10x_vector.s
Comment: NMIException used once
PVD_IRQHandler 00000000

Symbol: PVD_IRQHandler
   Definitions
      At line 77 in file start\stm32f10x_vector.s
   Uses
      At line 160 in file start\stm32f10x_vector.s
Comment: PVD_IRQHandler used once
PendSVC 00000000

Symbol: PendSVC
   Definitions
      At line 74 in file start\stm32f10x_vector.s
   Uses
      At line 157 in file start\stm32f10x_vector.s
Comment: PendSVC used once
RCC_IRQHandler 00000000

Symbol: RCC_IRQHandler
   Definitions
      At line 81 in file start\stm32f10x_vector.s
   Uses
      At line 164 in file start\stm32f10x_vector.s
Comment: RCC_IRQHandler used once
RTCAlarm_IRQHandler 00000000

Symbol: RTCAlarm_IRQHandler
   Definitions
      At line 117 in file start\stm32f10x_vector.s
   Uses
      At line 200 in file start\stm32f10x_vector.s



ARM Macro Assembler    Page 6 Alphabetic symbol ordering
External symbols

Comment: RTCAlarm_IRQHandler used once
RTC_IRQHandler 00000000

Symbol: RTC_IRQHandler
   Definitions
      At line 79 in file start\stm32f10x_vector.s
   Uses
      At line 162 in file start\stm32f10x_vector.s
Comment: RTC_IRQHandler used once
SDIO_IRQHandler 00000000

Symbol: SDIO_IRQHandler
   Definitions
      At line 125 in file start\stm32f10x_vector.s
   Uses
      At line 208 in file start\stm32f10x_vector.s
Comment: SDIO_IRQHandler used once
SPI1_IRQHandler 00000000

Symbol: SPI1_IRQHandler
   Definitions
      At line 111 in file start\stm32f10x_vector.s
   Uses
      At line 194 in file start\stm32f10x_vector.s
Comment: SPI1_IRQHandler used once
SPI2_IRQHandler 00000000

Symbol: SPI2_IRQHandler
   Definitions
      At line 112 in file start\stm32f10x_vector.s
   Uses
      At line 195 in file start\stm32f10x_vector.s
Comment: SPI2_IRQHandler used once
SPI3_IRQHandler 00000000

Symbol: SPI3_IRQHandler
   Definitions
      At line 127 in file start\stm32f10x_vector.s
   Uses
      At line 210 in file start\stm32f10x_vector.s
Comment: SPI3_IRQHandler used once
SVCHandler 00000000

Symbol: SVCHandler
   Definitions
      At line 72 in file start\stm32f10x_vector.s
   Uses
      At line 154 in file start\stm32f10x_vector.s
Comment: SVCHandler used once
SysTickHandler 00000000

Symbol: SysTickHandler
   Definitions
      At line 75 in file start\stm32f10x_vector.s
   Uses
      At line 158 in file start\stm32f10x_vector.s
Comment: SysTickHandler used once
TAMPER_IRQHandler 00000000




ARM Macro Assembler    Page 7 Alphabetic symbol ordering
External symbols

Symbol: TAMPER_IRQHandler
   Definitions
      At line 78 in file start\stm32f10x_vector.s
   Uses
      At line 161 in file start\stm32f10x_vector.s
Comment: TAMPER_IRQHandler used once
TIM1_BRK_IRQHandler 00000000

Symbol: TIM1_BRK_IRQHandler
   Definitions
      At line 100 in file start\stm32f10x_vector.s
   Uses
      At line 183 in file start\stm32f10x_vector.s
Comment: TIM1_BRK_IRQHandler used once
TIM1_CC_IRQHandler 00000000

Symbol: TIM1_CC_IRQHandler
   Definitions
      At line 103 in file start\stm32f10x_vector.s
   Uses
      At line 186 in file start\stm32f10x_vector.s
Comment: TIM1_CC_IRQHandler used once
TIM1_TRG_COM_IRQHandler 00000000

Symbol: TIM1_TRG_COM_IRQHandler
   Definitions
      At line 102 in file start\stm32f10x_vector.s
   Uses
      At line 185 in file start\stm32f10x_vector.s
Comment: TIM1_TRG_COM_IRQHandler used once
TIM1_UP_IRQHandler 00000000

Symbol: TIM1_UP_IRQHandler
   Definitions
      At line 101 in file start\stm32f10x_vector.s
   Uses
      At line 184 in file start\stm32f10x_vector.s
Comment: TIM1_UP_IRQHandler used once
TIM2_IRQHandler 00000000

Symbol: TIM2_IRQHandler
   Definitions
      At line 104 in file start\stm32f10x_vector.s
   Uses
      At line 187 in file start\stm32f10x_vector.s
Comment: TIM2_IRQHandler used once
TIM3_IRQHandler 00000000

Symbol: TIM3_IRQHandler
   Definitions
      At line 105 in file start\stm32f10x_vector.s
   Uses
      At line 188 in file start\stm32f10x_vector.s
Comment: TIM3_IRQHandler used once
TIM4_IRQHandler 00000000

Symbol: TIM4_IRQHandler
   Definitions
      At line 106 in file start\stm32f10x_vector.s



ARM Macro Assembler    Page 8 Alphabetic symbol ordering
External symbols

   Uses
      At line 189 in file start\stm32f10x_vector.s
Comment: TIM4_IRQHandler used once
TIM5_IRQHandler 00000000

Symbol: TIM5_IRQHandler
   Definitions
      At line 126 in file start\stm32f10x_vector.s
   Uses
      At line 209 in file start\stm32f10x_vector.s
Comment: TIM5_IRQHandler used once
TIM6_IRQHandler 00000000

Symbol: TIM6_IRQHandler
   Definitions
      At line 130 in file start\stm32f10x_vector.s
   Uses
      At line 213 in file start\stm32f10x_vector.s
Comment: TIM6_IRQHandler used once
TIM7_IRQHandler 00000000

Symbol: TIM7_IRQHandler
   Definitions
      At line 131 in file start\stm32f10x_vector.s
   Uses
      At line 214 in file start\stm32f10x_vector.s
Comment: TIM7_IRQHandler used once
TIM8_BRK_IRQHandler 00000000

Symbol: TIM8_BRK_IRQHandler
   Definitions
      At line 119 in file start\stm32f10x_vector.s
   Uses
      At line 202 in file start\stm32f10x_vector.s
Comment: TIM8_BRK_IRQHandler used once
TIM8_CC_IRQHandler 00000000

Symbol: TIM8_CC_IRQHandler
   Definitions
      At line 122 in file start\stm32f10x_vector.s
   Uses
      At line 205 in file start\stm32f10x_vector.s
Comment: TIM8_CC_IRQHandler used once
TIM8_TRG_COM_IRQHandler 00000000

Symbol: TIM8_TRG_COM_IRQHandler
   Definitions
      At line 121 in file start\stm32f10x_vector.s
   Uses
      At line 204 in file start\stm32f10x_vector.s
Comment: TIM8_TRG_COM_IRQHandler used once
TIM8_UP_IRQHandler 00000000

Symbol: TIM8_UP_IRQHandler
   Definitions
      At line 120 in file start\stm32f10x_vector.s
   Uses
      At line 203 in file start\stm32f10x_vector.s
Comment: TIM8_UP_IRQHandler used once



ARM Macro Assembler    Page 9 Alphabetic symbol ordering
External symbols

UART4_IRQHandler 00000000

Symbol: UART4_IRQHandler
   Definitions
      At line 128 in file start\stm32f10x_vector.s
   Uses
      At line 211 in file start\stm32f10x_vector.s
Comment: UART4_IRQHandler used once
UART5_IRQHandler 00000000

Symbol: UART5_IRQHandler
   Definitions
      At line 129 in file start\stm32f10x_vector.s
   Uses
      At line 212 in file start\stm32f10x_vector.s
Comment: UART5_IRQHandler used once
USART1_IRQHandler 00000000

Symbol: USART1_IRQHandler
   Definitions
      At line 113 in file start\stm32f10x_vector.s
   Uses
      At line 196 in file start\stm32f10x_vector.s
Comment: USART1_IRQHandler used once
USART2_IRQHandler 00000000

Symbol: USART2_IRQHandler
   Definitions
      At line 114 in file start\stm32f10x_vector.s
   Uses
      At line 197 in file start\stm32f10x_vector.s
Comment: USART2_IRQHandler used once
USART3_IRQHandler 00000000

Symbol: USART3_IRQHandler
   Definitions
      At line 115 in file start\stm32f10x_vector.s
   Uses
      At line 198 in file start\stm32f10x_vector.s
Comment: USART3_IRQHandler used once
USBWakeUp_IRQHandler 00000000

Symbol: USBWakeUp_IRQHandler
   Definitions
      At line 118 in file start\stm32f10x_vector.s
   Uses
      At line 201 in file start\stm32f10x_vector.s
Comment: USBWakeUp_IRQHandler used once
USB_HP_CAN_TX_IRQHandler 00000000

Symbol: USB_HP_CAN_TX_IRQHandler
   Definitions
      At line 95 in file start\stm32f10x_vector.s
   Uses
      At line 178 in file start\stm32f10x_vector.s
Comment: USB_HP_CAN_TX_IRQHandler used once
USB_LP_CAN_RX0_IRQHandler 00000000

Symbol: USB_LP_CAN_RX0_IRQHandler



ARM Macro Assembler    Page 10 Alphabetic symbol ordering
External symbols

   Definitions
      At line 96 in file start\stm32f10x_vector.s
   Uses
      At line 179 in file start\stm32f10x_vector.s
Comment: USB_LP_CAN_RX0_IRQHandler used once
UsageFaultException 00000000

Symbol: UsageFaultException
   Definitions
      At line 71 in file start\stm32f10x_vector.s
   Uses
      At line 149 in file start\stm32f10x_vector.s
Comment: UsageFaultException used once
WWDG_IRQHandler 00000000

Symbol: WWDG_IRQHandler
   Definitions
      At line 76 in file start\stm32f10x_vector.s
   Uses
      At line 159 in file start\stm32f10x_vector.s
Comment: WWDG_IRQHandler used once
__main 00000000

Symbol: __main
   Definitions
      At line 294 in file start\stm32f10x_vector.s
   Uses
      At line 295 in file start\stm32f10x_vector.s
Comment: __main used once
__use_two_region_memory 00000000

Symbol: __use_two_region_memory
   Definitions
      At line 312 in file start\stm32f10x_vector.s
   Uses
      None
Comment: __use_two_region_memory unused
71 symbols
414 symbols in table
